<?xml version="1.0" encoding="utf-8"?><testsuites name="pytest tests"><testsuite name="pytest" errors="0" failures="3" skipped="2" tests="33" time="20.493" timestamp="2026-09-01T16:09:42.134439+00:00" hostname="agent-env-90f41870-8541-4d71-9ace-bfa1e6ad184b"><testcase classname="tests.test_saferoute_iter2.TestStartTripRequiresBatch" name="test_start_missing_batch_id_422" time="1.087" /><testcase classname="tests.test_saferoute_iter2.TestStartTripRequiresBatch" name="test_start_unknown_batch_404" time="0.414" /><testcase classname="tests.test_saferoute_iter2.TestStartTripRequiresBatch" name="test_start_valid_batch_ok" time="0.884" /><testcase classname="tests.test_saferoute_iter2.TestDriverLocation" name="test_location_updates_and_moves_to_on_the_way" time="1.080" /><testcase classname="tests.test_saferoute_iter2.TestDriverLocation" name="test_location_no_active_trip_404" time="0.268" /><testcase classname="tests.test_saferoute_iter2.TestDriverUnavailable" name="test_empty_reason_400" time="0.449" /><testcase classname="tests.test_saferoute_iter2.TestDriverUnavailable" name="test_unknown_batch_404" time="0.182" /><testcase classname="tests.test_saferoute_iter2.TestDriverUnavailable" name="test_role_guard_parent_cannot_call" time="0.587" /><testcase classname="tests.test_saferoute_iter2.TestDriverUnavailable" name="test_unavailable_ends_active_trip_and_notifies_all" time="4.243" /><testcase classname="tests.test_saferoute_iter2.TestParentLiveInfo" name="test_distance_eta_traffic_present_when_active" time="0.890" /><testcase classname="tests.test_saferoute_iter2.TestParentLiveInfo" name="test_parent_isolation" time="1.604"><skipped type="pytest.skip" message="no batch exclusive to parent1">/app/backend/tests/test_saferoute_iter2.py:234: no batch exclusive to parent1</skipped></testcase><testcase classname="tests.test_saferoute_iter2.TestAdminAlerts" name="test_admin_alerts_role_guard" time="0.162" /><testcase classname="tests.test_saferoute_iter2.TestAdminAlerts" name="test_trip_start_creates_admin_alert" time="0.866" /><testcase classname="tests.test_saferoute_iter2.TestAdminAlerts" name="test_read_all_admin_alerts" time="0.326" /><testcase classname="tests.test_saferoute_api.TestAuth" name="test_send_otp_unregistered_returns_404" time="0.176" /><testcase classname="tests.test_saferoute_api.TestAuth" name="test_send_otp_returns_dev_otp" time="0.161" /><testcase classname="tests.test_saferoute_api.TestAuth" name="test_verify_otp_wrong" time="0.287" /><testcase classname="tests.test_saferoute_api.TestAuth" name="test_me_returns_user" time="0.441" /><testcase classname="tests.test_saferoute_api.TestAuth" name="test_me_no_token" time="0.151" /><testcase classname="tests.test_saferoute_api.TestRoleGuards" name="test_parent_cannot_access_admin" time="0.588" /><testcase classname="tests.test_saferoute_api.TestRoleGuards" name="test_driver_cannot_access_parent" time="0.456" /><testcase classname="tests.test_saferoute_api.TestRoleGuards" name="test_admin_cannot_start_trip" time="0.198" /><testcase classname="tests.test_saferoute_api.TestDriverFlow" name="test_batches_have_students" time="0.153"><failure message="AssertionError: assert 3 == 2&#10; +  where 3 = len([{'id': '66d15f04-e06a-4b7e-b013-e85ba58ff20a', 'name': 'Morning Pickup - Zone A', 'driver_id': '9ed493f2-5d80-49ef-9981-e404d8388724', 'school_name': 'Little Angels School', ...}, {'id': '02d53a17-eb60-4fe4-a4f5-aa0455c77e1c', 'name': 'Afternoon Drop - Zone A', 'driver_id': '9ed493f2-5d80-49ef-9981-e404d8388724', 'school_name': 'Little Angels School', ...}, {'id': '4fc1b96a-3bf0-4e2a-9904-c028bf4e82f9', 'name': 'TEST_Batch', 'driver_id': '9ed493f2-5d80-49ef-9981-e404d8388724', 'school_name': 'S', ...}])">backend/tests/test_saferoute_api.py:96: in test_batches_have_students
    assert len(batches) == 2
E   AssertionError: assert 3 == 2
E    +  where 3 = len([{'id': '66d15f04-e06a-4b7e-b013-e85ba58ff20a', 'name': 'Morning Pickup - Zone A', 'driver_id': '9ed493f2-5d80-49ef-9981-e404d8388724', 'school_name': 'Little Angels School', ...}, {'id': '02d53a17-eb60-4fe4-a4f5-aa0455c77e1c', 'name': 'Afternoon Drop - Zone A', 'driver_id': '9ed493f2-5d80-49ef-9981-e404d8388724', 'school_name': 'Little Angels School', ...}, {'id': '4fc1b96a-3bf0-4e2a-9904-c028bf4e82f9', 'name': 'TEST_Batch', 'driver_id': '9ed493f2-5d80-49ef-9981-e404d8388724', 'school_name': 'S', ...}])</failure></testcase><testcase classname="tests.test_saferoute_api.TestDriverFlow" name="test_full_trip_lifecycle_and_alerts" time="1.397"><failure message="AssertionError: assert ('On the Way' in ['Trip Ended', 'Trip Ended', 'Trip Started', 'Trip Started', 'Trip Ended', 'Trip Ended', ...] or 'Reached' in ['Trip Ended', 'Trip Ended', 'Trip Started', 'Trip Started', 'Trip Ended', 'Trip Ended', ...])">backend/tests/test_saferoute_api.py:136: in test_full_trip_lifecycle_and_alerts
    assert "On the Way" in titles or "Reached" in titles
E   AssertionError: assert ('On the Way' in ['Trip Ended', 'Trip Ended', 'Trip Started', 'Trip Started', 'Trip Ended', 'Trip Ended', ...] or 'Reached' in ['Trip Ended', 'Trip Ended', 'Trip Started', 'Trip Started', 'Trip Ended', 'Trip Ended', ...])</failure></testcase><testcase classname="tests.test_saferoute_api.TestDriverFlow" name="test_mark_absent_and_alert" time="0.176"><failure message="IndexError: list index out of range">backend/tests/test_saferoute_api.py:153: in test_mark_absent_and_alert
    student = batches[0]["students"][0]
              ^^^^^^^^^^^^^^^^^^^^^^^^^
E   IndexError: list index out of range</failure></testcase><testcase classname="tests.test_saferoute_api.TestDriverFlow" name="test_move_student_between_batches" time="0.182"><skipped type="pytest.skip" message="no students to move">/app/backend/tests/test_saferoute_api.py:172: no students to move</skipped></testcase><testcase classname="tests.test_saferoute_api.TestParent" name="test_priya_has_two_children" time="0.147" /><testcase classname="tests.test_saferoute_api.TestParent" name="test_parent_trips_shape" time="0.116" /><testcase classname="tests.test_saferoute_api.TestParent" name="test_read_all_alerts" time="0.341" /><testcase classname="tests.test_saferoute_api.TestAdmin" name="test_overview_counts" time="0.152" /><testcase classname="tests.test_saferoute_api.TestAdmin" name="test_add_and_delete_driver" time="0.756" /><testcase classname="tests.test_saferoute_api.TestAdmin" name="test_add_parent_batch_student_and_subscription" time="1.325" /><testcase classname="tests.test_saferoute_api.TestAdmin" name="test_add_batch_invalid_driver" time="0.145" /></testsuite></testsuites>