<?xml version="1.0" encoding="utf-8"?><testsuites name="pytest tests"><testsuite name="pytest" errors="0" failures="0" skipped="0" tests="17" time="13.445" timestamp="2026-09-01T16:36:47.084658+00:00" hostname="agent-env-90f41870-8541-4d71-9ace-bfa1e6ad184b"><testcase classname="tests.test_saferoute_iter3.TestSeed" name="test_overview_counts" time="0.803" /><testcase classname="tests.test_saferoute_iter3.TestRoleGuards" name="test_parent_cannot_access_admin_overview" time="0.717" /><testcase classname="tests.test_saferoute_iter3.TestSeed" name="test_absent_students_list" time="0.321" /><testcase classname="tests.test_saferoute_iter3.TestRoleGuards" name="test_driver_cannot_access_admin_overview" time="0.559" /><testcase classname="tests.test_saferoute_iter3.TestSeed" name="test_admins_and_drivers_count" time="0.634" /><testcase classname="tests.test_saferoute_iter3.TestRoleGuards" name="test_parent_cannot_access_driver_batches" time="0.163" /><testcase classname="tests.test_saferoute_iter3.TestStudentFullFields" name="test_admin_students_have_class_section" time="0.201" /><testcase classname="tests.test_saferoute_iter3.TestRoleGuards" name="test_admin_cannot_access_parent_trips" time="0.596" /><testcase classname="tests.test_saferoute_iter3.TestStudentFullFields" name="test_driver_batches_include_class_section" time="0.456" /><testcase classname="tests.test_saferoute_iter3.TestParentLiveView" name="test_parent_on_active_trip_gets_live_info" time="0.138" /><testcase classname="tests.test_saferoute_iter3.TestParentLiveView" name="test_parent_with_absent_child_sees_absent_flag" time="0.539" /><testcase classname="tests.test_saferoute_iter3.TestStudentFullFields" name="test_parent_children_has_class_section" time="0.597" /><testcase classname="tests.test_saferoute_iter3.TestMovementSimulator" name="test_current_location_changes" time="9.342" /><testcase classname="tests.test_saferoute_iter3.TestActiveTripEnrichment" name="test_active_trip_has_full_metadata" time="0.183" /><testcase classname="tests.test_saferoute_iter3.TestDriverActive" name="test_gurpreet_has_active_trip_on_morning" time="0.660" /><testcase classname="tests.test_saferoute_iter3.TestAddStudentSection" name="test_admin_can_add_student_with_section" time="0.907" /><testcase classname="tests.test_saferoute_iter3.TestAdminAlerts" name="test_admin_alerts_endpoint" time="0.159" /></testsuite></testsuites>