<?xml version="1.0" encoding="utf-8"?><testsuites name="pytest tests"><testsuite name="pytest" errors="0" failures="0" skipped="0" tests="19" time="6.056" timestamp="2026-09-01T15:24:20.550085+00:00" hostname="agent-env-90f41870-8541-4d71-9ace-bfa1e6ad184b"><testcase classname="tests.test_saferoute_api.TestAuth" name="test_send_otp_unregistered_returns_404" time="0.385" /><testcase classname="tests.test_saferoute_api.TestAuth" name="test_send_otp_returns_dev_otp" time="0.145" /><testcase classname="tests.test_saferoute_api.TestAuth" name="test_verify_otp_wrong" time="0.446" /><testcase classname="tests.test_saferoute_api.TestDriverFlow" name="test_batches_have_students" time="0.900" /><testcase classname="tests.test_saferoute_api.TestAuth" name="test_me_returns_user" time="0.475" /><testcase classname="tests.test_saferoute_api.TestDriverFlow" name="test_full_trip_lifecycle_and_alerts" time="2.577" /><testcase classname="tests.test_saferoute_api.TestAuth" name="test_me_no_token" time="0.340" /><testcase classname="tests.test_saferoute_api.TestAdmin" name="test_overview_counts" time="0.156" /><testcase classname="tests.test_saferoute_api.TestAdmin" name="test_add_and_delete_driver" time="0.836" /><testcase classname="tests.test_saferoute_api.TestAdmin" name="test_add_parent_batch_student_and_subscription" time="1.182" /><testcase classname="tests.test_saferoute_api.TestDriverFlow" name="test_mark_absent_and_alert" time="0.727" /><testcase classname="tests.test_saferoute_api.TestAdmin" name="test_add_batch_invalid_driver" time="0.122" /><testcase classname="tests.test_saferoute_api.TestDriverFlow" name="test_move_student_between_batches" time="0.816" /><testcase classname="tests.test_saferoute_api.TestRoleGuards" name="test_parent_cannot_access_admin" time="0.497" /><testcase classname="tests.test_saferoute_api.TestRoleGuards" name="test_driver_cannot_access_parent" time="0.440" /><testcase classname="tests.test_saferoute_api.TestParent" name="test_priya_has_two_children" time="0.191" /><testcase classname="tests.test_saferoute_api.TestRoleGuards" name="test_admin_cannot_start_trip" time="0.152" /><testcase classname="tests.test_saferoute_api.TestParent" name="test_parent_trips_shape" time="0.161" /><testcase classname="tests.test_saferoute_api.TestParent" name="test_read_all_alerts" time="0.330" /></testsuite></testsuites>